2018-03-09 12:11:53,061 [INFO] from play.api.http.EnabledFilters in play-dev-mode-akka.actor.default-dispatcher-4 - Enabled Filters (see <https://www.playframework.com/documentation/latest/Filters>):

    play.filters.csrf.CSRFFilter
    play.filters.headers.SecurityHeadersFilter
    play.filters.hosts.AllowedHostsFilter

2018-03-09 12:11:53,117 [INFO] from play.api.Play in play-dev-mode-akka.actor.default-dispatcher-4 - Application started (Dev)
2018-03-09 12:16:35,804 [INFO] from play.api.http.EnabledFilters in play-dev-mode-akka.actor.default-dispatcher-11 - Enabled Filters (see <https://www.playframework.com/documentation/latest/Filters>):

    play.filters.csrf.CSRFFilter
    play.filters.headers.SecurityHeadersFilter
    play.filters.hosts.AllowedHostsFilter

2018-03-09 12:16:35,829 [INFO] from play.api.Play in play-dev-mode-akka.actor.default-dispatcher-11 - Application started (Dev)
2018-03-09 12:21:21,471 [INFO] from play.api.http.EnabledFilters in play-dev-mode-akka.actor.default-dispatcher-21 - Enabled Filters (see <https://www.playframework.com/documentation/latest/Filters>):

    play.filters.csrf.CSRFFilter
    play.filters.headers.SecurityHeadersFilter
    play.filters.hosts.AllowedHostsFilter

2018-03-09 12:21:21,480 [INFO] from play.api.Play in play-dev-mode-akka.actor.default-dispatcher-21 - Application started (Dev)
2018-03-09 12:24:55,580 [INFO] from play.api.http.EnabledFilters in play-dev-mode-akka.actor.default-dispatcher-24 - Enabled Filters (see <https://www.playframework.com/documentation/latest/Filters>):

    play.filters.csrf.CSRFFilter
    play.filters.headers.SecurityHeadersFilter
    play.filters.hosts.AllowedHostsFilter

2018-03-09 12:24:55,588 [INFO] from play.api.Play in play-dev-mode-akka.actor.default-dispatcher-24 - Application started (Dev)
2018-03-09 12:30:46,074 [INFO] from play.api.http.EnabledFilters in play-dev-mode-akka.actor.default-dispatcher-36 - Enabled Filters (see <https://www.playframework.com/documentation/latest/Filters>):

    play.filters.csrf.CSRFFilter
    play.filters.headers.SecurityHeadersFilter
    play.filters.hosts.AllowedHostsFilter

2018-03-09 12:30:46,082 [INFO] from play.api.Play in play-dev-mode-akka.actor.default-dispatcher-36 - Application started (Dev)
2018-03-09 12:34:22,996 [INFO] from play.api.http.EnabledFilters in play-dev-mode-akka.actor.default-dispatcher-54 - Enabled Filters (see <https://www.playframework.com/documentation/latest/Filters>):

    play.filters.csrf.CSRFFilter
    play.filters.headers.SecurityHeadersFilter
    play.filters.hosts.AllowedHostsFilter

2018-03-09 12:34:23,005 [INFO] from play.api.Play in play-dev-mode-akka.actor.default-dispatcher-54 - Application started (Dev)
2018-03-09 12:34:52,243 [INFO] from play.api.http.EnabledFilters in play-dev-mode-akka.actor.default-dispatcher-44 - Enabled Filters (see <https://www.playframework.com/documentation/latest/Filters>):

    play.filters.csrf.CSRFFilter
    play.filters.headers.SecurityHeadersFilter
    play.filters.hosts.AllowedHostsFilter

2018-03-09 12:34:52,255 [INFO] from play.api.Play in play-dev-mode-akka.actor.default-dispatcher-44 - Application started (Dev)
2018-03-09 12:35:29,440 [INFO] from play.api.http.EnabledFilters in play-dev-mode-akka.actor.default-dispatcher-64 - Enabled Filters (see <https://www.playframework.com/documentation/latest/Filters>):

    play.filters.csrf.CSRFFilter
    play.filters.headers.SecurityHeadersFilter
    play.filters.hosts.AllowedHostsFilter

2018-03-09 12:35:29,444 [INFO] from play.api.Play in play-dev-mode-akka.actor.default-dispatcher-64 - Application started (Dev)
2018-03-09 12:36:47,591 [INFO] from play.api.http.EnabledFilters in play-dev-mode-akka.actor.default-dispatcher-60 - Enabled Filters (see <https://www.playframework.com/documentation/latest/Filters>):

    play.filters.csrf.CSRFFilter
    play.filters.headers.SecurityHeadersFilter
    play.filters.hosts.AllowedHostsFilter

2018-03-09 12:36:47,596 [INFO] from play.api.Play in play-dev-mode-akka.actor.default-dispatcher-60 - Application started (Dev)
2018-03-09 12:38:11,259 [INFO] from play.api.http.EnabledFilters in play-dev-mode-akka.actor.default-dispatcher-64 - Enabled Filters (see <https://www.playframework.com/documentation/latest/Filters>):

    play.filters.csrf.CSRFFilter
    play.filters.headers.SecurityHeadersFilter
    play.filters.hosts.AllowedHostsFilter

2018-03-09 12:38:11,265 [INFO] from play.api.Play in play-dev-mode-akka.actor.default-dispatcher-64 - Application started (Dev)
2018-03-09 12:39:21,557 [INFO] from play.api.http.EnabledFilters in play-dev-mode-akka.actor.default-dispatcher-64 - Enabled Filters (see <https://www.playframework.com/documentation/latest/Filters>):

    play.filters.csrf.CSRFFilter
    play.filters.headers.SecurityHeadersFilter
    play.filters.hosts.AllowedHostsFilter

2018-03-09 12:39:21,562 [INFO] from play.api.Play in play-dev-mode-akka.actor.default-dispatcher-64 - Application started (Dev)
2018-03-09 12:40:51,418 [INFO] from play.api.http.EnabledFilters in play-dev-mode-akka.actor.default-dispatcher-63 - Enabled Filters (see <https://www.playframework.com/documentation/latest/Filters>):

    play.filters.csrf.CSRFFilter
    play.filters.headers.SecurityHeadersFilter
    play.filters.hosts.AllowedHostsFilter

2018-03-09 12:40:51,430 [INFO] from play.api.Play in play-dev-mode-akka.actor.default-dispatcher-63 - Application started (Dev)
2018-03-09 12:41:56,891 [INFO] from play.api.http.EnabledFilters in play-dev-mode-akka.actor.default-dispatcher-66 - Enabled Filters (see <https://www.playframework.com/documentation/latest/Filters>):

    play.filters.csrf.CSRFFilter
    play.filters.headers.SecurityHeadersFilter
    play.filters.hosts.AllowedHostsFilter

2018-03-09 12:41:56,894 [INFO] from play.api.Play in play-dev-mode-akka.actor.default-dispatcher-66 - Application started (Dev)
2018-03-09 12:43:08,170 [INFO] from play.api.http.EnabledFilters in play-dev-mode-akka.actor.default-dispatcher-77 - Enabled Filters (see <https://www.playframework.com/documentation/latest/Filters>):

    play.filters.csrf.CSRFFilter
    play.filters.headers.SecurityHeadersFilter
    play.filters.hosts.AllowedHostsFilter

2018-03-09 12:43:08,173 [INFO] from play.api.Play in play-dev-mode-akka.actor.default-dispatcher-77 - Application started (Dev)
